Using pre-set license
Built from '2020.3/staging' branch; Version is '2020.3.3f1 (76626098c1c4) revision 7758432'; Using compiler version '192528614'; Build Type 'Release'
OS: 'Windows 10 Pro; OS build 19041.928; Version 2004; 64bit' Language: 'ru' Physical Memory: 15351 MB
BatchMode: 1, IsHumanControllingUs: 0, StartBugReporterOnCrash: 0, Is64bit: 1, IsPro: 0

 COMMAND LINE ARGUMENTS:
C:\Program Files\Unity\Hub\Editor\2020.3.3f1\Editor\Unity.exe
-adb2
-batchMode
-noUpm
-name
AssetImportWorker0
-projectPath
C:/Users/jekso/Asteroids_2021
-logFile
Logs/AssetImportWorker0.log
-srvPort
61608
Successfully changed project path to: C:/Users/jekso/Asteroids_2021
C:/Users/jekso/Asteroids_2021
Using Asset Import Pipeline V2.
Refreshing native plugins compatible for Editor in 61.71 ms, found 1 plugins.
Preloading 0 native plugins for Editor in 0.00 ms.
Initialize engine version: 2020.3.3f1 (76626098c1c4)
[Subsystems] Discovering subsystems at path C:/Program Files/Unity/Hub/Editor/2020.3.3f1/Editor/Data/Resources/UnitySubsystems
[Subsystems] Discovering subsystems at path C:/Users/jekso/Asteroids_2021/Assets
GfxDevice: creating device client; threaded=0
Direct3D:
    Version:  Direct3D 11.0 [level 11.0]
    Renderer: NVIDIA GeForce GTX 460 (ID=0xe22)
    Vendor:   
    VRAM:     724 MB
    Driver:   23.21.13.8813
Initialize mono
Mono path[0] = 'C:/Program Files/Unity/Hub/Editor/2020.3.3f1/Editor/Data/Managed'
Mono path[1] = 'C:/Program Files/Unity/Hub/Editor/2020.3.3f1/Editor/Data/MonoBleedingEdge/lib/mono/unityjit'
Mono config path = 'C:/Program Files/Unity/Hub/Editor/2020.3.3f1/Editor/Data/MonoBleedingEdge/etc'
Using monoOptions --debugger-agent=transport=dt_socket,embedding=1,server=y,suspend=n,address=127.0.0.1:56904
Begin MonoManager ReloadAssembly
Registering precompiled unity dll's ...
Register platform support module: C:/Program Files/Unity/Hub/Editor/2020.3.3f1/Editor/Data/PlaybackEngines/WebGLSupport/UnityEditor.WebGL.Extensions.dll
Register platform support module: C:/Program Files/Unity/Hub/Editor/2020.3.3f1/Editor/Data/PlaybackEngines/WindowsStandaloneSupport/UnityEditor.WindowsStandalone.Extensions.dll
Registered in 0.005426 seconds.
Native extension for WindowsStandalone target not found
Native extension for WebGL target not found
Refreshing native plugins compatible for Editor in 75.07 ms, found 1 plugins.
Preloading 0 native plugins for Editor in 0.00 ms.
Invoked RoslynAnalysisRunner static constructor.
RoslynAnalysisRunner will not be running.
RoslynAnalysisRunner has terminated.
Mono: successfully reloaded assembly
- Completed reload, in  1.962 seconds
Platform modules already initialized, skipping
Registering precompiled user dll's ...
Registered in 0.001698 seconds.
Begin MonoManager ReloadAssembly
Native extension for WindowsStandalone target not found
Native extension for WebGL target not found
Refreshing native plugins compatible for Editor in 83.16 ms, found 1 plugins.
Preloading 0 native plugins for Editor in 0.00 ms.
Invoked RoslynAnalysisRunner static constructor.
RoslynAnalysisRunner will not be running.
RoslynAnalysisRunner has terminated.
Mono: successfully reloaded assembly
- Completed reload, in  1.648 seconds
Platform modules already initialized, skipping
========================================================================
Worker process is ready to serve import requests
Launched and connected shader compiler UnityShaderCompiler.exe after 0.06 seconds
Refreshing native plugins compatible for Editor in 0.49 ms, found 1 plugins.
Preloading 0 native plugins for Editor in 0.00 ms.
Unloading 1822 Unused Serialized files (Serialized files now loaded: 0)
System memory in use before: 85.6 MB.
System memory in use after: 85.6 MB.

Unloading 24 unused Assets to reduce memory usage. Loaded Objects now: 2266.
Total: 2.645300 ms (FindLiveObjects: 0.229700 ms CreateObjectMapping: 0.091900 ms MarkObjects: 2.150100 ms  DeleteObjects: 0.172100 ms)

========================================================================
Received Prepare
Registering precompiled user dll's ...
Registered in 0.001762 seconds.
Begin MonoManager ReloadAssembly
Native extension for WindowsStandalone target not found
Native extension for WebGL target not found
Refreshing native plugins compatible for Editor in 0.48 ms, found 1 plugins.
Preloading 0 native plugins for Editor in 0.00 ms.
Invoked RoslynAnalysisRunner static constructor.
RoslynAnalysisRunner will not be running.
RoslynAnalysisRunner has terminated.
Mono: successfully reloaded assembly
- Completed reload, in  1.410 seconds
Platform modules already initialized, skipping
Refreshing native plugins compatible for Editor in 0.47 ms, found 1 plugins.
Preloading 0 native plugins for Editor in 0.00 ms.
Unloading 1817 Unused Serialized files (Serialized files now loaded: 0)
System memory in use before: 85.6 MB.
System memory in use after: 85.5 MB.

Unloading 12 unused Assets to reduce memory usage. Loaded Objects now: 2270.
Total: 2.586500 ms (FindLiveObjects: 0.217300 ms CreateObjectMapping: 0.089000 ms MarkObjects: 2.135500 ms  DeleteObjects: 0.143200 ms)

========================================================================
Received Import Request.
  path: Assets/Scripts/Bullet.cs
  artifactKey: Guid(e385a350b843816469a0d31c04f14e27) Importer(815301076,1909f56bfc062723c751e8b465ee728b)
Start importing Assets/Scripts/Bullet.cs using Guid(e385a350b843816469a0d31c04f14e27) Importer(815301076,1909f56bfc062723c751e8b465ee728b)  -> (artifact id: '7dd52e8a67dc0c0e794cd358fbdb2499') in 0.048086 seconds
  Import took 0.052987 seconds .

========================================================================
Received Prepare
Registering precompiled user dll's ...
Registered in 0.001930 seconds.
Begin MonoManager ReloadAssembly
Native extension for WindowsStandalone target not found
Native extension for WebGL target not found
Refreshing native plugins compatible for Editor in 0.48 ms, found 1 plugins.
Preloading 0 native plugins for Editor in 0.00 ms.
Invoked RoslynAnalysisRunner static constructor.
RoslynAnalysisRunner will not be running.
RoslynAnalysisRunner has terminated.
Mono: successfully reloaded assembly
- Completed reload, in  1.327 seconds
Platform modules already initialized, skipping
Refreshing native plugins compatible for Editor in 0.49 ms, found 1 plugins.
Preloading 0 native plugins for Editor in 0.00 ms.
Unloading 1817 Unused Serialized files (Serialized files now loaded: 0)
System memory in use before: 85.6 MB.
System memory in use after: 85.6 MB.

Unloading 12 unused Assets to reduce memory usage. Loaded Objects now: 2274.
Total: 2.676300 ms (FindLiveObjects: 0.342900 ms CreateObjectMapping: 0.099200 ms MarkObjects: 2.092300 ms  DeleteObjects: 0.140600 ms)

========================================================================
Received Prepare
Registering precompiled user dll's ...
Registered in 0.001813 seconds.
Begin MonoManager ReloadAssembly
Native extension for WindowsStandalone target not found
Native extension for WebGL target not found
Refreshing native plugins compatible for Editor in 0.50 ms, found 1 plugins.
Preloading 0 native plugins for Editor in 0.00 ms.
Invoked RoslynAnalysisRunner static constructor.
RoslynAnalysisRunner will not be running.
RoslynAnalysisRunner has terminated.
Mono: successfully reloaded assembly
- Completed reload, in  1.383 seconds
Platform modules already initialized, skipping
Refreshing native plugins compatible for Editor in 0.59 ms, found 1 plugins.
Preloading 0 native plugins for Editor in 0.00 ms.
Unloading 1817 Unused Serialized files (Serialized files now loaded: 0)
System memory in use before: 85.6 MB.
System memory in use after: 85.6 MB.

Unloading 12 unused Assets to reduce memory usage. Loaded Objects now: 2278.
Total: 4.861800 ms (FindLiveObjects: 0.520700 ms CreateObjectMapping: 0.169000 ms MarkObjects: 3.861900 ms  DeleteObjects: 0.308100 ms)

========================================================================
Received Import Request.
  Time since last request: 361.814134 seconds.
  path: Assets/Scripts/BulletMove.cs
  artifactKey: Guid(632262e8c812e9e458d69c12216688b9) Importer(815301076,1909f56bfc062723c751e8b465ee728b)
Start importing Assets/Scripts/BulletMove.cs using Guid(632262e8c812e9e458d69c12216688b9) Importer(815301076,1909f56bfc062723c751e8b465ee728b)  -> (artifact id: 'ccedfc1b7f0ff9f922f0e15b851a2d19') in 0.007836 seconds
  Import took 0.011843 seconds .

========================================================================
Received Prepare
Registering precompiled user dll's ...
Registered in 0.002257 seconds.
Begin MonoManager ReloadAssembly
Native extension for WindowsStandalone target not found
Native extension for WebGL target not found
Refreshing native plugins compatible for Editor in 0.60 ms, found 1 plugins.
Preloading 0 native plugins for Editor in 0.00 ms.
Invoked RoslynAnalysisRunner static constructor.
RoslynAnalysisRunner will not be running.
RoslynAnalysisRunner has terminated.
Mono: successfully reloaded assembly
- Completed reload, in  1.362 seconds
Platform modules already initialized, skipping
Refreshing native plugins compatible for Editor in 0.48 ms, found 1 plugins.
Preloading 0 native plugins for Editor in 0.00 ms.
Unloading 1817 Unused Serialized files (Serialized files now loaded: 0)
System memory in use before: 85.7 MB.
System memory in use after: 85.6 MB.

Unloading 12 unused Assets to reduce memory usage. Loaded Objects now: 2282.
Total: 2.533800 ms (FindLiveObjects: 0.202200 ms CreateObjectMapping: 0.088300 ms MarkObjects: 2.098700 ms  DeleteObjects: 0.143400 ms)

========================================================================
Received Import Request.
  Time since last request: 504.832144 seconds.
  path: Assets/Scripts/FinalScore.cs
  artifactKey: Guid(1378850cf6734e340b49da839654616f) Importer(815301076,1909f56bfc062723c751e8b465ee728b)
Start importing Assets/Scripts/FinalScore.cs using Guid(1378850cf6734e340b49da839654616f) Importer(815301076,1909f56bfc062723c751e8b465ee728b)  -> (artifact id: '0e2ffbb97cd7099b3b6e6eaab48db354') in 0.006223 seconds
  Import took 0.009611 seconds .

========================================================================
Received Prepare
Registering precompiled user dll's ...
Registered in 0.001870 seconds.
Begin MonoManager ReloadAssembly
Native extension for WindowsStandalone target not found
Native extension for WebGL target not found
Refreshing native plugins compatible for Editor in 0.48 ms, found 1 plugins.
Preloading 0 native plugins for Editor in 0.00 ms.
Invoked RoslynAnalysisRunner static constructor.
RoslynAnalysisRunner will not be running.
RoslynAnalysisRunner has terminated.
Mono: successfully reloaded assembly
- Completed reload, in  1.306 seconds
Platform modules already initialized, skipping
Refreshing native plugins compatible for Editor in 0.49 ms, found 1 plugins.
Preloading 0 native plugins for Editor in 0.00 ms.
Unloading 1817 Unused Serialized files (Serialized files now loaded: 0)
System memory in use before: 85.7 MB.
System memory in use after: 85.6 MB.

Unloading 12 unused Assets to reduce memory usage. Loaded Objects now: 2286.
Total: 2.696800 ms (FindLiveObjects: 0.358900 ms CreateObjectMapping: 0.094500 ms MarkObjects: 2.092700 ms  DeleteObjects: 0.144300 ms)

========================================================================
Received Prepare
Registering precompiled user dll's ...
Registered in 0.001811 seconds.
Begin MonoManager ReloadAssembly
Native extension for WindowsStandalone target not found
Native extension for WebGL target not found
Refreshing native plugins compatible for Editor in 0.48 ms, found 1 plugins.
Preloading 0 native plugins for Editor in 0.00 ms.
Invoked RoslynAnalysisRunner static constructor.
RoslynAnalysisRunner will not be running.
RoslynAnalysisRunner has terminated.
Mono: successfully reloaded assembly
- Completed reload, in  1.528 seconds
Platform modules already initialized, skipping
Refreshing native plugins compatible for Editor in 0.48 ms, found 1 plugins.
Preloading 0 native plugins for Editor in 0.00 ms.
Unloading 1817 Unused Serialized files (Serialized files now loaded: 0)
System memory in use before: 85.7 MB.
System memory in use after: 85.7 MB.

Unloading 12 unused Assets to reduce memory usage. Loaded Objects now: 2290.
Total: 2.911700 ms (FindLiveObjects: 0.387600 ms CreateObjectMapping: 0.106000 ms MarkObjects: 2.262000 ms  DeleteObjects: 0.154400 ms)

========================================================================
Received Import Request.
  Time since last request: 89.853530 seconds.
  path: Assets/Scripts/FinalScore.cs
  artifactKey: Guid(1378850cf6734e340b49da839654616f) Importer(815301076,1909f56bfc062723c751e8b465ee728b)
Start importing Assets/Scripts/FinalScore.cs using Guid(1378850cf6734e340b49da839654616f) Importer(815301076,1909f56bfc062723c751e8b465ee728b)  -> (artifact id: 'c48235f5b7620bf9b91de0a63e33be97') in 0.006239 seconds
  Import took 0.010937 seconds .

========================================================================
Received Prepare
Registering precompiled user dll's ...
Registered in 0.002376 seconds.
Begin MonoManager ReloadAssembly
Native extension for WindowsStandalone target not found
Native extension for WebGL target not found
Refreshing native plugins compatible for Editor in 0.50 ms, found 1 plugins.
Preloading 0 native plugins for Editor in 0.00 ms.
Invoked RoslynAnalysisRunner static constructor.
RoslynAnalysisRunner will not be running.
RoslynAnalysisRunner has terminated.
Mono: successfully reloaded assembly
- Completed reload, in  1.465 seconds
Platform modules already initialized, skipping
Refreshing native plugins compatible for Editor in 0.54 ms, found 1 plugins.
Preloading 0 native plugins for Editor in 0.00 ms.
Unloading 1817 Unused Serialized files (Serialized files now loaded: 0)
System memory in use before: 85.7 MB.
System memory in use after: 85.7 MB.

Unloading 12 unused Assets to reduce memory usage. Loaded Objects now: 2294.
Total: 3.729100 ms (FindLiveObjects: 0.426700 ms CreateObjectMapping: 0.124300 ms MarkObjects: 3.006700 ms  DeleteObjects: 0.169700 ms)

========================================================================
Received Import Request.
  Time since last request: 196.853670 seconds.
  path: Assets/Scripts/Finish.cs
  artifactKey: Guid(3d705886220b2c24d9b90cfad5085613) Importer(815301076,1909f56bfc062723c751e8b465ee728b)
Start importing Assets/Scripts/Finish.cs using Guid(3d705886220b2c24d9b90cfad5085613) Importer(815301076,1909f56bfc062723c751e8b465ee728b)  -> (artifact id: '54812cc064c50f0a93ca00fb700f0911') in 0.008628 seconds
  Import took 0.013131 seconds .

========================================================================
Received Import Request.
  Time since last request: 1027.025797 seconds.
  path: Assets/Scripts/Globals.cs
  artifactKey: Guid(30f815f7275592a4f93407e24a610386) Importer(815301076,1909f56bfc062723c751e8b465ee728b)
Start importing Assets/Scripts/Globals.cs using Guid(30f815f7275592a4f93407e24a610386) Importer(815301076,1909f56bfc062723c751e8b465ee728b)  -> (artifact id: '6b66251cda01505fd3c7a0aef4d832f9') in 0.003522 seconds
  Import took 0.008134 seconds .

========================================================================
Received Import Request.
  Time since last request: 0.041495 seconds.
  path: Assets/Scripts/Globals.cs
  artifactKey: Guid(30f815f7275592a4f93407e24a610386) Importer(815301076,1909f56bfc062723c751e8b465ee728b)
Start importing Assets/Scripts/Globals.cs using Guid(30f815f7275592a4f93407e24a610386) Importer(815301076,1909f56bfc062723c751e8b465ee728b)  -> (artifact id: '6b66251cda01505fd3c7a0aef4d832f9') in 0.003170 seconds
  Import took 0.006731 seconds .

========================================================================
Received Import Request.
  Time since last request: 367.285829 seconds.
  path: Assets/Scripts/MeteorCollision.cs
  artifactKey: Guid(2ec12c855f05e72439de0a219cc9bf76) Importer(815301076,1909f56bfc062723c751e8b465ee728b)
Start importing Assets/Scripts/MeteorCollision.cs using Guid(2ec12c855f05e72439de0a219cc9bf76) Importer(815301076,1909f56bfc062723c751e8b465ee728b)  -> (artifact id: 'e49c2cb5d7d0b270933c39741c7bd51f') in 0.003445 seconds
  Import took 0.008135 seconds .

========================================================================
Received Import Request.
  Time since last request: 1487.819575 seconds.
  path: Assets/Scripts/NewMeteors.cs
  artifactKey: Guid(081a1b3279f2ceb4f9e202cce97f5a45) Importer(815301076,1909f56bfc062723c751e8b465ee728b)
Start importing Assets/Scripts/NewMeteors.cs using Guid(081a1b3279f2ceb4f9e202cce97f5a45) Importer(815301076,1909f56bfc062723c751e8b465ee728b)  -> (artifact id: '0e1c76afefc50bfb9a28be8314d0d634') in 0.003392 seconds
  Import took 0.007461 seconds .

========================================================================
Received Import Request.
  Time since last request: 0.001435 seconds.
  path: Assets/Scripts/NewMeteors.cs
  artifactKey: Guid(081a1b3279f2ceb4f9e202cce97f5a45) Importer(815301076,1909f56bfc062723c751e8b465ee728b)
Start importing Assets/Scripts/NewMeteors.cs using Guid(081a1b3279f2ceb4f9e202cce97f5a45) Importer(815301076,1909f56bfc062723c751e8b465ee728b)  -> (artifact id: '0e1c76afefc50bfb9a28be8314d0d634') in 0.002962 seconds
  Import took 0.006342 seconds .

========================================================================
Received Prepare
Registering precompiled user dll's ...
Registered in 0.001828 seconds.
Begin MonoManager ReloadAssembly
Native extension for WindowsStandalone target not found
Native extension for WebGL target not found
Refreshing native plugins compatible for Editor in 0.48 ms, found 1 plugins.
Preloading 0 native plugins for Editor in 0.00 ms.
Invoked RoslynAnalysisRunner static constructor.
RoslynAnalysisRunner will not be running.
RoslynAnalysisRunner has terminated.
Mono: successfully reloaded assembly
- Completed reload, in  1.308 seconds
Platform modules already initialized, skipping
Refreshing native plugins compatible for Editor in 0.48 ms, found 1 plugins.
Preloading 0 native plugins for Editor in 0.00 ms.
Unloading 1817 Unused Serialized files (Serialized files now loaded: 0)
System memory in use before: 85.7 MB.
System memory in use after: 85.7 MB.

Unloading 12 unused Assets to reduce memory usage. Loaded Objects now: 2298.
Total: 4.710500 ms (FindLiveObjects: 0.319900 ms CreateObjectMapping: 0.163300 ms MarkObjects: 3.975900 ms  DeleteObjects: 0.247900 ms)

========================================================================
Received Import Request.
  Time since last request: 602.900200 seconds.
  path: Assets/Scripts/Pause.cs
  artifactKey: Guid(0eff5f48d17ed5542b8b22c7d419de10) Importer(815301076,1909f56bfc062723c751e8b465ee728b)
Start importing Assets/Scripts/Pause.cs using Guid(0eff5f48d17ed5542b8b22c7d419de10) Importer(815301076,1909f56bfc062723c751e8b465ee728b)  -> (artifact id: 'cd14d37614430323fc77e3992ce697cd') in 0.006457 seconds
  Import took 0.010097 seconds .

========================================================================
Received Import Request.
  Time since last request: 0.002842 seconds.
  path: Assets/Scripts/Pause.cs
  artifactKey: Guid(0eff5f48d17ed5542b8b22c7d419de10) Importer(815301076,1909f56bfc062723c751e8b465ee728b)
Start importing Assets/Scripts/Pause.cs using Guid(0eff5f48d17ed5542b8b22c7d419de10) Importer(815301076,1909f56bfc062723c751e8b465ee728b)  -> (artifact id: 'cd14d37614430323fc77e3992ce697cd') in 0.002750 seconds
  Import took 0.006196 seconds .

========================================================================
Received Prepare
Registering precompiled user dll's ...
Registered in 0.001829 seconds.
Begin MonoManager ReloadAssembly
Native extension for WindowsStandalone target not found
Native extension for WebGL target not found
Refreshing native plugins compatible for Editor in 0.48 ms, found 1 plugins.
Preloading 0 native plugins for Editor in 0.00 ms.
Invoked RoslynAnalysisRunner static constructor.
RoslynAnalysisRunner will not be running.
RoslynAnalysisRunner has terminated.
Mono: successfully reloaded assembly
- Completed reload, in  1.373 seconds
Platform modules already initialized, skipping
Refreshing native plugins compatible for Editor in 0.49 ms, found 1 plugins.
Preloading 0 native plugins for Editor in 0.00 ms.
Unloading 1817 Unused Serialized files (Serialized files now loaded: 0)
System memory in use before: 85.7 MB.
System memory in use after: 85.7 MB.

Unloading 12 unused Assets to reduce memory usage. Loaded Objects now: 2302.
Total: 2.729600 ms (FindLiveObjects: 0.376100 ms CreateObjectMapping: 0.098900 ms MarkObjects: 2.113300 ms  DeleteObjects: 0.139700 ms)

========================================================================
Received Import Request.
  Time since last request: 99.307467 seconds.
  path: Assets/Scripts/Pause.cs
  artifactKey: Guid(0eff5f48d17ed5542b8b22c7d419de10) Importer(815301076,1909f56bfc062723c751e8b465ee728b)
Start importing Assets/Scripts/Pause.cs using Guid(0eff5f48d17ed5542b8b22c7d419de10) Importer(815301076,1909f56bfc062723c751e8b465ee728b)  -> (artifact id: '69430a49ef6e93b0c8efbdd1d005606c') in 0.005861 seconds
  Import took 0.009353 seconds .

========================================================================
Received Prepare
Registering precompiled user dll's ...
Registered in 0.001863 seconds.
Begin MonoManager ReloadAssembly
Native extension for WindowsStandalone target not found
Native extension for WebGL target not found
Refreshing native plugins compatible for Editor in 0.71 ms, found 1 plugins.
Preloading 0 native plugins for Editor in 0.00 ms.
Invoked RoslynAnalysisRunner static constructor.
RoslynAnalysisRunner will not be running.
RoslynAnalysisRunner has terminated.
Mono: successfully reloaded assembly
- Completed reload, in  1.381 seconds
Platform modules already initialized, skipping
Refreshing native plugins compatible for Editor in 0.50 ms, found 1 plugins.
Preloading 0 native plugins for Editor in 0.00 ms.
Unloading 1817 Unused Serialized files (Serialized files now loaded: 0)
System memory in use before: 85.7 MB.
System memory in use after: 85.7 MB.

Unloading 12 unused Assets to reduce memory usage. Loaded Objects now: 2306.
Total: 2.919700 ms (FindLiveObjects: 0.336000 ms CreateObjectMapping: 0.096000 ms MarkObjects: 2.334900 ms  DeleteObjects: 0.151300 ms)

========================================================================
Received Import Request.
  Time since last request: 88.054731 seconds.
  path: Assets/Scripts/Score.cs
  artifactKey: Guid(c5991996d7a91344d854f577868ca61a) Importer(815301076,1909f56bfc062723c751e8b465ee728b)
Start importing Assets/Scripts/Score.cs using Guid(c5991996d7a91344d854f577868ca61a) Importer(815301076,1909f56bfc062723c751e8b465ee728b)  -> (artifact id: '11ec063448427b3753b70aa24ade604a') in 0.011263 seconds
  Import took 0.017917 seconds .

========================================================================
Received Prepare
Registering precompiled user dll's ...
Registered in 0.002250 seconds.
Begin MonoManager ReloadAssembly
Native extension for WindowsStandalone target not found
Native extension for WebGL target not found
Refreshing native plugins compatible for Editor in 0.49 ms, found 1 plugins.
Preloading 0 native plugins for Editor in 0.00 ms.
Invoked RoslynAnalysisRunner static constructor.
RoslynAnalysisRunner will not be running.
RoslynAnalysisRunner has terminated.
Mono: successfully reloaded assembly
- Completed reload, in  1.340 seconds
Platform modules already initialized, skipping
Refreshing native plugins compatible for Editor in 0.71 ms, found 1 plugins.
Preloading 0 native plugins for Editor in 0.00 ms.
Unloading 1817 Unused Serialized files (Serialized files now loaded: 0)
System memory in use before: 85.7 MB.
System memory in use after: 85.7 MB.

Unloading 12 unused Assets to reduce memory usage. Loaded Objects now: 2310.
Total: 3.064500 ms (FindLiveObjects: 0.248000 ms CreateObjectMapping: 0.106600 ms MarkObjects: 2.544400 ms  DeleteObjects: 0.163700 ms)

========================================================================
Received Prepare
Registering precompiled user dll's ...
Registered in 0.001765 seconds.
Begin MonoManager ReloadAssembly
Native extension for WindowsStandalone target not found
Native extension for WebGL target not found
Refreshing native plugins compatible for Editor in 0.48 ms, found 1 plugins.
Preloading 0 native plugins for Editor in 0.00 ms.
Invoked RoslynAnalysisRunner static constructor.
RoslynAnalysisRunner will not be running.
RoslynAnalysisRunner has terminated.
Mono: successfully reloaded assembly
- Completed reload, in  1.364 seconds
Platform modules already initialized, skipping
Refreshing native plugins compatible for Editor in 0.48 ms, found 1 plugins.
Preloading 0 native plugins for Editor in 0.00 ms.
Unloading 1817 Unused Serialized files (Serialized files now loaded: 0)
System memory in use before: 85.7 MB.
System memory in use after: 85.7 MB.

Unloading 12 unused Assets to reduce memory usage. Loaded Objects now: 2314.
Total: 2.545700 ms (FindLiveObjects: 0.200300 ms CreateObjectMapping: 0.088400 ms MarkObjects: 2.116200 ms  DeleteObjects: 0.139600 ms)

========================================================================
Received Prepare
Refreshing native plugins compatible for Editor in 2.75 ms, found 1 plugins.
Preloading 0 native plugins for Editor in 0.00 ms.
Unloading 10 Unused Serialized files (Serialized files now loaded: 0)
System memory in use before: 50.0 MB.
System memory in use after: 50.0 MB.

Unloading 10 unused Assets to reduce memory usage. Loaded Objects now: 2314.
Total: 2.586300 ms (FindLiveObjects: 0.231000 ms CreateObjectMapping: 0.089000 ms MarkObjects: 2.122900 ms  DeleteObjects: 0.142000 ms)

AssetImportWorkerClient::OnTransportError - code=2 error=End of file
